#-----------------------------------------------------------
# xsim v2022.1 (64-bit)
# SW Build 3526262 on Mon Apr 18 15:47:01 MDT 2022
# IP Build 3524634 on Mon Apr 18 20:55:01 MDT 2022
# Start of session at: Tue Aug 13 20:46:50 2024
# Process ID: 68443
# Current directory: /home/ubuntu/Desktop/Caravel_FSIC_Tapeout/fifo_v1/ref
# Command line: xsim -mode tcl -source {xsim.dir/fifo_tb_elab/xsim_script.tcl}
# Log file: /home/ubuntu/Desktop/Caravel_FSIC_Tapeout/fifo_v1/ref/xsim.log
# Journal file: /home/ubuntu/Desktop/Caravel_FSIC_Tapeout/fifo_v1/ref/xsim.jou
# Running On: ubuntu2004, OS: Linux, CPU Frequency: 3094.190 MHz, CPU Physical cores: 2, Host memory: 16766 MB
#-----------------------------------------------------------
source xsim.dir/fifo_tb_elab/xsim_script.tcl
# xsim {fifo_tb_elab} -autoloadwcfg -runall
Time resolution is 100 fs
run -all
Write data at iteration          1:              0
Read  data at iteration          1:              0
Write data at iteration          2:              1
Read  data at iteration          2:              1
Write data at iteration          3:              2
Read  data at iteration          3:              2
Write data at iteration          4:              3
Read  data at iteration          4:              3
Write data at iteration          5:              4
Read  data at iteration          5:              4
Write data at iteration          6:              5
Read  data at iteration          6:              5
Write data at iteration          7:              6
Read  data at iteration          7:              6
Write data at iteration          8:              7
Read  data at iteration          8:              7
Write data at iteration          9:              8
Read  data at iteration          9:              8
Write data at iteration         10:              9
Read  data at iteration         10:              9
Write data at iteration         11:             10
Read  data at iteration         11:             10
Write data at iteration         12:             11
Read  data at iteration         12:             11
Write data at iteration         13:             12
Read  data at iteration         13:             12
Write data at iteration         14:             13
Read  data at iteration         14:             13
Write data at iteration         15:             14
Read  data at iteration         15:             14
Write data at iteration         16:             15
Read  data at iteration         16:             15
Write data at iteration         17:             16
Read  data at iteration         17:             16
Write data at iteration         18:             17
Read  data at iteration         18:             17
Write data at iteration         19:             18
Read  data at iteration         19:             18
Write data at iteration         20:             19
Read  data at iteration         20:             19
Write data at iteration         21:             20
Read  data at iteration         21:             20
Write data at iteration         22:             21
Read  data at iteration         22:             21
Write data at iteration         23:             22
Read  data at iteration         23:             22
Write data at iteration         24:             23
Read  data at iteration         24:             23
Write data at iteration         25:             24
Read  data at iteration         25:             24
Write data at iteration         26:             25
Read  data at iteration         26:             25
Write data at iteration         27:             26
Read  data at iteration         27:             26
Write data at iteration         28:             27
Read  data at iteration         28:             27
Write data at iteration         29:             28
Read  data at iteration         29:             28
Write data at iteration         30:             29
Read  data at iteration         30:             29
Write data at iteration         31:             30
Read  data at iteration         31:             30
Write data at iteration         32:             31
Read  data at iteration         32:             31
Write data at iteration         33:             32
Read  data at iteration         33:             32
Write data at iteration         34:             33
Read  data at iteration         34:             33
Write data at iteration         35:             34
Read  data at iteration         35:             34
Write data at iteration         36:             35
Read  data at iteration         36:             35
Write data at iteration         37:             36
Read  data at iteration         37:             36
Write data at iteration         38:             37
Read  data at iteration         38:             37
Write data at iteration         39:             38
Read  data at iteration         39:             38
Write data at iteration         40:             39
Read  data at iteration         40:             39
Write data at iteration         41:             40
Read  data at iteration         41:             40
Write data at iteration         42:             41
Read  data at iteration         42:             41
Write data at iteration         43:             42
Read  data at iteration         43:             42
Write data at iteration         44:             43
Read  data at iteration         44:             43
Write data at iteration         45:             44
Read  data at iteration         45:             44
Write data at iteration         46:             45
Read  data at iteration         46:             45
Write data at iteration         47:             46
Read  data at iteration         47:             46
Write data at iteration         48:             47
Read  data at iteration         48:             47
Write data at iteration         49:             48
Read  data at iteration         49:             48
Write data at iteration         50:             49
Read  data at iteration         50:             49
Write data at iteration         51:             50
Read  data at iteration         51:             50
Write data at iteration         52:             51
Read  data at iteration         52:             51
Write data at iteration         53:             52
Read  data at iteration         53:             52
Write data at iteration         54:             53
Read  data at iteration         54:             53
Write data at iteration         55:             54
Read  data at iteration         55:             54
Write data at iteration         56:             55
Read  data at iteration         56:             55
Write data at iteration         57:             56
Read  data at iteration         57:             56
Write data at iteration         58:             57
Read  data at iteration         58:             57
Write data at iteration         59:             58
Read  data at iteration         59:             58
Write data at iteration         60:             59
Read  data at iteration         60:             59
Write data at iteration         61:             60
Read  data at iteration         61:             60
Write data at iteration         62:             61
Read  data at iteration         62:             61
Write data at iteration         63:             62
Read  data at iteration         63:             62
Write data at iteration         64:             63
Read  data at iteration         64:             63
Write data at iteration         65:             64
Read  data at iteration         65:             64
Write data at iteration         66:             65
Read  data at iteration         66:             65
Write data at iteration         67:             66
Read  data at iteration         67:             66
Write data at iteration         68:             67
Read  data at iteration         68:             67
Write data at iteration         69:             68
Read  data at iteration         69:             68
Write data at iteration         70:             69
Read  data at iteration         70:             69
Write data at iteration         71:             70
Read  data at iteration         71:             70
Write data at iteration         72:             71
Read  data at iteration         72:             71
Write data at iteration         73:             72
Read  data at iteration         73:             72
Write data at iteration         74:             73
Read  data at iteration         74:             73
Write data at iteration         75:             74
Read  data at iteration         75:             74
Write data at iteration         76:             75
Read  data at iteration         76:             75
Write data at iteration         77:             76
Read  data at iteration         77:             76
Write data at iteration         78:             77
Read  data at iteration         78:             77
Write data at iteration         79:             78
Read  data at iteration         79:             78
Write data at iteration         80:             79
Read  data at iteration         80:             79
Write data at iteration         81:             80
Read  data at iteration         81:             80
Write data at iteration         82:             81
Read  data at iteration         82:             81
Write data at iteration         83:             82
Read  data at iteration         83:             82
Write data at iteration         84:             83
Read  data at iteration         84:             83
Write data at iteration         85:             84
Read  data at iteration         85:             84
Write data at iteration         86:             85
Read  data at iteration         86:             85
Write data at iteration         87:             86
Read  data at iteration         87:             86
Write data at iteration         88:             87
Read  data at iteration         88:             87
Write data at iteration         89:             88
Read  data at iteration         89:             88
Write data at iteration         90:             89
Read  data at iteration         90:             89
Write data at iteration         91:             90
Read  data at iteration         91:             90
Write data at iteration         92:             91
Read  data at iteration         92:             91
Write data at iteration         93:             92
Read  data at iteration         93:             92
Write data at iteration         94:             93
Read  data at iteration         94:             93
Write data at iteration         95:             94
Read  data at iteration         95:             94
Write data at iteration         96:             95
Read  data at iteration         96:             95
Write data at iteration         97:             96
Read  data at iteration         97:             96
Write data at iteration         98:             97
Read  data at iteration         98:             97
Write data at iteration         99:             98
Read  data at iteration         99:             98
Write data at iteration        100:             99
Read  data at iteration        100:             99
Write data at iteration        101:            100
Read  data at iteration        101:            100
Write data at iteration        102:            101
Read  data at iteration        102:            101
======================Result=========================
succeed
======================End============================
$finish called at time : 21550 ns : File "/home/ubuntu/Desktop/Caravel_FSIC_Tapeout/fifo_v1/ref/tb.v" Line 180
exit
INFO: [Common 17-206] Exiting xsim at Tue Aug 13 20:46:53 2024...
