
****** xsim v2022.1 (64-bit)
  **** SW Build 3526262 on Mon Apr 18 15:47:01 MDT 2022
  **** IP Build 3524634 on Mon Apr 18 20:55:01 MDT 2022
    ** Copyright 1986-2022 Xilinx, Inc. All Rights Reserved.

source xsim.dir/fifo_tb_elab/xsim_script.tcl
# xsim {fifo_tb_elab} -autoloadwcfg -runall
Time resolution is 100 fs
run -all
Write data at iteration          1:              0
Read  data at iteration          1:              0
Write data at iteration          2:              1
Read  data at iteration          2:              1
Write data at iteration          3:              2
Read  data at iteration          3:              2
Write data at iteration          4:              3
Read  data at iteration          4:              3
Write data at iteration          5:              4
Read  data at iteration          5:              4
Write data at iteration          6:              5
Read  data at iteration          6:              5
Write data at iteration          7:              6
Read  data at iteration          7:              6
Write data at iteration          8:              7
Read  data at iteration          8:              7
Write data at iteration          9:              8
Read  data at iteration          9:              8
Write data at iteration         10:              9
Read  data at iteration         10:              9
Write data at iteration         11:             10
Read  data at iteration         11:             10
Write data at iteration         12:             11
Read  data at iteration         12:             11
Write data at iteration         13:             12
Read  data at iteration         13:             12
Write data at iteration         14:             13
Read  data at iteration         14:             13
Write data at iteration         15:             14
Read  data at iteration         15:             14
Write data at iteration         16:             15
Read  data at iteration         16:             15
Write data at iteration         17:             16
Read  data at iteration         17:             16
Write data at iteration         18:             17
Read  data at iteration         18:             17
Write data at iteration         19:             18
Read  data at iteration         19:             18
Write data at iteration         20:             19
Read  data at iteration         20:             19
Write data at iteration         21:             20
Read  data at iteration         21:             20
Write data at iteration         22:             21
Read  data at iteration         22:             21
Write data at iteration         23:             22
Read  data at iteration         23:             22
Write data at iteration         24:             23
Read  data at iteration         24:             23
Write data at iteration         25:             24
Read  data at iteration         25:             24
Write data at iteration         26:             25
Read  data at iteration         26:             25
Write data at iteration         27:             26
Read  data at iteration         27:             26
Write data at iteration         28:             27
Read  data at iteration         28:             27
Write data at iteration         29:             28
Read  data at iteration         29:             28
Write data at iteration         30:             29
Read  data at iteration         30:             29
Write data at iteration         31:             30
Read  data at iteration         31:             30
Write data at iteration         32:             31
Read  data at iteration         32:             31
Write data at iteration         33:             32
Read  data at iteration         33:             32
Write data at iteration         34:             33
Read  data at iteration         34:             33
Write data at iteration         35:             34
Read  data at iteration         35:             34
Write data at iteration         36:             35
Read  data at iteration         36:             35
Write data at iteration         37:             36
Read  data at iteration         37:             36
Write data at iteration         38:             37
Read  data at iteration         38:             37
Write data at iteration         39:             38
Read  data at iteration         39:             38
Write data at iteration         40:             39
Read  data at iteration         40:             39
Write data at iteration         41:             40
Read  data at iteration         41:             40
Write data at iteration         42:             41
Read  data at iteration         42:             41
Write data at iteration         43:             42
Read  data at iteration         43:             42
Write data at iteration         44:             43
Read  data at iteration         44:             43
Write data at iteration         45:             44
Read  data at iteration         45:             44
Write data at iteration         46:             45
Read  data at iteration         46:             45
Write data at iteration         47:             46
Read  data at iteration         47:             46
Write data at iteration         48:             47
Read  data at iteration         48:             47
Write data at iteration         49:             48
Read  data at iteration         49:             48
Write data at iteration         50:             49
Read  data at iteration         50:             49
Write data at iteration         51:             50
Read  data at iteration         51:             50
Write data at iteration         52:             51
Read  data at iteration         52:             51
Write data at iteration         53:             52
Read  data at iteration         53:             52
Write data at iteration         54:             53
Read  data at iteration         54:             53
Write data at iteration         55:             54
Read  data at iteration         55:             54
Write data at iteration         56:             55
Read  data at iteration         56:             55
Write data at iteration         57:             56
Read  data at iteration         57:             56
Write data at iteration         58:             57
Read  data at iteration         58:             57
Write data at iteration         59:             58
Read  data at iteration         59:             58
Write data at iteration         60:             59
Read  data at iteration         60:             59
Write data at iteration         61:             60
Read  data at iteration         61:             60
Write data at iteration         62:             61
Read  data at iteration         62:             61
Write data at iteration         63:             62
Read  data at iteration         63:             62
Write data at iteration         64:             63
Read  data at iteration         64:             63
Write data at iteration         65:             64
Read  data at iteration         65:             64
Write data at iteration         66:             65
Read  data at iteration         66:             65
Write data at iteration         67:             66
Read  data at iteration         67:             66
Write data at iteration         68:             67
Read  data at iteration         68:             67
Write data at iteration         69:             68
Read  data at iteration         69:             68
Write data at iteration         70:             69
Read  data at iteration         70:             69
Write data at iteration         71:             70
Read  data at iteration         71:             70
Write data at iteration         72:             71
Read  data at iteration         72:             71
Write data at iteration         73:             72
Read  data at iteration         73:             72
Write data at iteration         74:             73
Read  data at iteration         74:             73
Write data at iteration         75:             74
Read  data at iteration         75:             74
Write data at iteration         76:             75
Read  data at iteration         76:             75
Write data at iteration         77:             76
Read  data at iteration         77:             76
Write data at iteration         78:             77
Read  data at iteration         78:             77
Write data at iteration         79:             78
Read  data at iteration         79:             78
Write data at iteration         80:             79
Read  data at iteration         80:             79
Write data at iteration         81:             80
Read  data at iteration         81:             80
Write data at iteration         82:             81
Read  data at iteration         82:             81
Write data at iteration         83:             82
Read  data at iteration         83:             82
Write data at iteration         84:             83
Read  data at iteration         84:             83
Write data at iteration         85:             84
Read  data at iteration         85:             84
Write data at iteration         86:             85
Read  data at iteration         86:             85
Write data at iteration         87:             86
Read  data at iteration         87:             86
Write data at iteration         88:             87
Read  data at iteration         88:             87
Write data at iteration         89:             88
Read  data at iteration         89:             88
Write data at iteration         90:             89
Read  data at iteration         90:             89
Write data at iteration         91:             90
Read  data at iteration         91:             90
Write data at iteration         92:             91
Read  data at iteration         92:             91
Write data at iteration         93:             92
Read  data at iteration         93:             92
Write data at iteration         94:             93
Read  data at iteration         94:             93
Write data at iteration         95:             94
Read  data at iteration         95:             94
Write data at iteration         96:             95
Read  data at iteration         96:             95
Write data at iteration         97:             96
Read  data at iteration         97:             96
Write data at iteration         98:             97
Read  data at iteration         98:             97
Write data at iteration         99:             98
Read  data at iteration         99:             98
Write data at iteration        100:             99
Read  data at iteration        100:             99
Write data at iteration        101:            100
Read  data at iteration        101:            100
Write data at iteration        102:            101
Read  data at iteration        102:            101
Write data at iteration        103:            102
Read  data at iteration        103:            102
Write data at iteration        104:            103
Read  data at iteration        104:            103
Write data at iteration        105:            104
Read  data at iteration        105:            104
Write data at iteration        106:            105
Read  data at iteration        106:            105
Write data at iteration        107:            106
Read  data at iteration        107:            106
Write data at iteration        108:            107
Read  data at iteration        108:            107
Write data at iteration        109:            108
Read  data at iteration        109:            108
Write data at iteration        110:            109
Read  data at iteration        110:            109
Write data at iteration        111:            110
Read  data at iteration        111:            110
Write data at iteration        112:            111
Read  data at iteration        112:            111
Write data at iteration        113:            112
Read  data at iteration        113:            112
Write data at iteration        114:            113
Read  data at iteration        114:            113
Write data at iteration        115:            114
Read  data at iteration        115:            114
Write data at iteration        116:            115
Read  data at iteration        116:            115
Write data at iteration        117:            116
Read  data at iteration        117:            116
Write data at iteration        118:            117
Read  data at iteration        118:            117
Write data at iteration        119:            118
Read  data at iteration        119:            118
Write data at iteration        120:            119
Read  data at iteration        120:            119
Write data at iteration        121:            120
Read  data at iteration        121:            120
Write data at iteration        122:            121
Read  data at iteration        122:            121
Write data at iteration        123:            122
Read  data at iteration        123:            122
Write data at iteration        124:            123
Read  data at iteration        124:            123
Write data at iteration        125:            124
Read  data at iteration        125:            124
Write data at iteration        126:            125
Read  data at iteration        126:            125
Write data at iteration        127:            126
Read  data at iteration        127:            126
Write data at iteration        128:            127
Read  data at iteration        128:            127
Write data at iteration        129:            128
Read  data at iteration        129:            128
Write data at iteration        130:            129
Read  data at iteration        130:            129
Write data at iteration        131:            130
Read  data at iteration        131:            130
Write data at iteration        132:            131
Read  data at iteration        132:            131
Write data at iteration        133:            132
Read  data at iteration        133:            132
Write data at iteration        134:            133
Read  data at iteration        134:            133
Write data at iteration        135:            134
Read  data at iteration        135:            134
Write data at iteration        136:            135
Read  data at iteration        136:            135
Write data at iteration        137:            136
Read  data at iteration        137:            136
Write data at iteration        138:            137
Read  data at iteration        138:            137
Write data at iteration        139:            138
Read  data at iteration        139:            138
Write data at iteration        140:            139
Read  data at iteration        140:            139
Write data at iteration        141:            140
Read  data at iteration        141:            140
Write data at iteration        142:            141
Read  data at iteration        142:            141
Write data at iteration        143:            142
Read  data at iteration        143:            142
Write data at iteration        144:            143
Read  data at iteration        144:            143
Write data at iteration        145:            144
Read  data at iteration        145:            144
Write data at iteration        146:            145
Read  data at iteration        146:            145
Write data at iteration        147:            146
Read  data at iteration        147:            146
Write data at iteration        148:            147
Read  data at iteration        148:            147
Write data at iteration        149:            148
Read  data at iteration        149:            148
Write data at iteration        150:            149
Read  data at iteration        150:            149
Write data at iteration        151:            150
Read  data at iteration        151:            150
Write data at iteration        152:            151
Read  data at iteration        152:            151
Write data at iteration        153:            152
Read  data at iteration        153:            152
Write data at iteration        154:            153
Read  data at iteration        154:            153
Write data at iteration        155:            154
Read  data at iteration        155:            154
Write data at iteration        156:            155
Read  data at iteration        156:            155
Write data at iteration        157:            156
Read  data at iteration        157:            156
Write data at iteration        158:            157
Read  data at iteration        158:            157
Write data at iteration        159:            158
Read  data at iteration        159:            158
Write data at iteration        160:            159
Read  data at iteration        160:            159
Write data at iteration        161:            160
Read  data at iteration        161:            160
Write data at iteration        162:            161
Read  data at iteration        162:            161
Write data at iteration        163:            162
Read  data at iteration        163:            162
Write data at iteration        164:            163
Read  data at iteration        164:            163
Write data at iteration        165:            164
Read  data at iteration        165:            164
Write data at iteration        166:            165
Read  data at iteration        166:            165
Write data at iteration        167:            166
Read  data at iteration        167:            166
Write data at iteration        168:            167
Read  data at iteration        168:            167
Write data at iteration        169:            168
Read  data at iteration        169:            168
Write data at iteration        170:            169
Read  data at iteration        170:            169
Write data at iteration        171:            170
Read  data at iteration        171:            170
Write data at iteration        172:            171
Read  data at iteration        172:            171
Write data at iteration        173:            172
Read  data at iteration        173:            172
Write data at iteration        174:            173
Read  data at iteration        174:            173
Write data at iteration        175:            174
Read  data at iteration        175:            174
Write data at iteration        176:            175
Read  data at iteration        176:            175
Write data at iteration        177:            176
Read  data at iteration        177:            176
Write data at iteration        178:            177
Read  data at iteration        178:            177
Write data at iteration        179:            178
Read  data at iteration        179:            178
Write data at iteration        180:            179
Read  data at iteration        180:            179
Write data at iteration        181:            180
Read  data at iteration        181:            180
Write data at iteration        182:            181
Read  data at iteration        182:            181
Write data at iteration        183:            182
Read  data at iteration        183:            182
Write data at iteration        184:            183
Read  data at iteration        184:            183
Write data at iteration        185:            184
Read  data at iteration        185:            184
Write data at iteration        186:            185
Read  data at iteration        186:            185
Write data at iteration        187:            186
Read  data at iteration        187:            186
Write data at iteration        188:            187
Read  data at iteration        188:            187
Write data at iteration        189:            188
Read  data at iteration        189:            188
Write data at iteration        190:            189
Read  data at iteration        190:            189
Write data at iteration        191:            190
Read  data at iteration        191:            190
Write data at iteration        192:            191
Read  data at iteration        192:            191
Write data at iteration        193:            192
Read  data at iteration        193:            192
Write data at iteration        194:            193
Read  data at iteration        194:            193
Write data at iteration        195:            194
Read  data at iteration        195:            194
Write data at iteration        196:            195
Read  data at iteration        196:            195
Write data at iteration        197:            196
Read  data at iteration        197:            196
Write data at iteration        198:            197
Read  data at iteration        198:            197
Write data at iteration        199:            198
Read  data at iteration        199:            198
Write data at iteration        200:            199
Read  data at iteration        200:            199
Write data at iteration        201:            200
Read  data at iteration        201:            200
Write data at iteration        202:            201
Read  data at iteration        202:            201
Write data at iteration        203:            202
Read  data at iteration        203:            202
Write data at iteration        204:            203
Read  data at iteration        204:            203
Write data at iteration        205:            204
Read  data at iteration        205:            204
Write data at iteration        206:            205
Read  data at iteration        206:            205
Write data at iteration        207:            206
Read  data at iteration        207:            206
Write data at iteration        208:            207
Read  data at iteration        208:            207
Write data at iteration        209:            208
Read  data at iteration        209:            208
Write data at iteration        210:            209
Read  data at iteration        210:            209
Write data at iteration        211:            210
Read  data at iteration        211:            210
Write data at iteration        212:            211
Read  data at iteration        212:            211
Write data at iteration        213:            212
Read  data at iteration        213:            212
Write data at iteration        214:            213
Read  data at iteration        214:            213
Write data at iteration        215:            214
Read  data at iteration        215:            214
Write data at iteration        216:            215
Read  data at iteration        216:            215
Write data at iteration        217:            216
Read  data at iteration        217:            216
Write data at iteration        218:            217
Read  data at iteration        218:            217
Write data at iteration        219:            218
Read  data at iteration        219:            218
Write data at iteration        220:            219
Read  data at iteration        220:            219
Write data at iteration        221:            220
Read  data at iteration        221:            220
Write data at iteration        222:            221
Read  data at iteration        222:            221
Write data at iteration        223:            222
Read  data at iteration        223:            222
Write data at iteration        224:            223
Read  data at iteration        224:            223
Write data at iteration        225:            224
Read  data at iteration        225:            224
Write data at iteration        226:            225
Read  data at iteration        226:            225
Write data at iteration        227:            226
Read  data at iteration        227:            226
Write data at iteration        228:            227
Read  data at iteration        228:            227
Write data at iteration        229:            228
Read  data at iteration        229:            228
Write data at iteration        230:            229
Read  data at iteration        230:            229
Write data at iteration        231:            230
Read  data at iteration        231:            230
Write data at iteration        232:            231
Read  data at iteration        232:            231
Write data at iteration        233:            232
Read  data at iteration        233:            232
Write data at iteration        234:            233
Read  data at iteration        234:            233
Write data at iteration        235:            234
Read  data at iteration        235:            234
Write data at iteration        236:            235
Read  data at iteration        236:            235
Write data at iteration        237:            236
Read  data at iteration        237:            236
Write data at iteration        238:            237
Read  data at iteration        238:            237
Write data at iteration        239:            238
Read  data at iteration        239:            238
Write data at iteration        240:            239
Read  data at iteration        240:            239
Write data at iteration        241:            240
Read  data at iteration        241:            240
Write data at iteration        242:            241
Read  data at iteration        242:            241
Write data at iteration        243:            242
Read  data at iteration        243:            242
Write data at iteration        244:            243
Read  data at iteration        244:            243
Write data at iteration        245:            244
Read  data at iteration        245:            244
Write data at iteration        246:            245
Read  data at iteration        246:            245
Write data at iteration        247:            246
Read  data at iteration        247:            246
Write data at iteration        248:            247
Read  data at iteration        248:            247
Write data at iteration        249:            248
Read  data at iteration        249:            248
Write data at iteration        250:            249
Read  data at iteration        250:            249
Write data at iteration        251:            250
Read  data at iteration        251:            250
Write data at iteration        252:            251
Read  data at iteration        252:            251
Write data at iteration        253:            252
Read  data at iteration        253:            252
Write data at iteration        254:            253
Read  data at iteration        254:            253
Write data at iteration        255:            254
Read  data at iteration        255:            254
Write data at iteration        256:            255
Read  data at iteration        256:            255
Write data at iteration        257:            256
Read  data at iteration        257:            256
Write data at iteration        258:            257
Read  data at iteration        258:            257
Write data at iteration        259:            258
Read  data at iteration        259:            258
Write data at iteration        260:            259
Read  data at iteration        260:            259
Write data at iteration        261:            260
Read  data at iteration        261:            260
Write data at iteration        262:            261
Read  data at iteration        262:            261
Write data at iteration        263:            262
Read  data at iteration        263:            262
Write data at iteration        264:            263
Read  data at iteration        264:            263
Write data at iteration        265:            264
Read  data at iteration        265:            264
Write data at iteration        266:            265
Read  data at iteration        266:            265
Write data at iteration        267:            266
Read  data at iteration        267:            266
Write data at iteration        268:            267
Read  data at iteration        268:            267
Write data at iteration        269:            268
Read  data at iteration        269:            268
Write data at iteration        270:            269
Read  data at iteration        270:            269
Write data at iteration        271:            270
Read  data at iteration        271:            270
Write data at iteration        272:            271
Read  data at iteration        272:            271
Write data at iteration        273:            272
Read  data at iteration        273:            272
Write data at iteration        274:            273
Read  data at iteration        274:            273
Write data at iteration        275:            274
Read  data at iteration        275:            274
Write data at iteration        276:            275
Read  data at iteration        276:            275
Write data at iteration        277:            276
Read  data at iteration        277:            276
Write data at iteration        278:            277
Read  data at iteration        278:            277
Write data at iteration        279:            278
Read  data at iteration        279:            278
Write data at iteration        280:            279
Read  data at iteration        280:            279
Write data at iteration        281:            280
Read  data at iteration        281:            280
Write data at iteration        282:            281
Read  data at iteration        282:            281
Write data at iteration        283:            282
Read  data at iteration        283:            282
Write data at iteration        284:            283
Read  data at iteration        284:            283
Write data at iteration        285:            284
Read  data at iteration        285:            284
Write data at iteration        286:            285
Read  data at iteration        286:            285
Write data at iteration        287:            286
Read  data at iteration        287:            286
Write data at iteration        288:            287
Read  data at iteration        288:            287
Write data at iteration        289:            288
Read  data at iteration        289:            288
Write data at iteration        290:            289
Read  data at iteration        290:            289
Write data at iteration        291:            290
Read  data at iteration        291:            290
Write data at iteration        292:            291
Read  data at iteration        292:            291
Write data at iteration        293:            292
Read  data at iteration        293:            292
Write data at iteration        294:            293
Read  data at iteration        294:            293
Write data at iteration        295:            294
Read  data at iteration        295:            294
Write data at iteration        296:            295
Read  data at iteration        296:            295
Write data at iteration        297:            296
Read  data at iteration        297:            296
Write data at iteration        298:            297
Read  data at iteration        298:            297
Write data at iteration        299:            298
Read  data at iteration        299:            298
Write data at iteration        300:            299
Read  data at iteration        300:            299
Write data at iteration        301:            300
Read  data at iteration        301:            300
Write data at iteration        302:            301
Read  data at iteration        302:            301
Write data at iteration        303:            302
Read  data at iteration        303:            302
Write data at iteration        304:            303
Read  data at iteration        304:            303
Write data at iteration        305:            304
Read  data at iteration        305:            304
Write data at iteration        306:            305
Read  data at iteration        306:            305
Write data at iteration        307:            306
Read  data at iteration        307:            306
Write data at iteration        308:            307
Read  data at iteration        308:            307
Write data at iteration        309:            308
Read  data at iteration        309:            308
Write data at iteration        310:            309
Read  data at iteration        310:            309
Write data at iteration        311:            310
Read  data at iteration        311:            310
Write data at iteration        312:            311
Read  data at iteration        312:            311
Write data at iteration        313:            312
Read  data at iteration        313:            312
Write data at iteration        314:            313
Read  data at iteration        314:            313
Write data at iteration        315:            314
Read  data at iteration        315:            314
Write data at iteration        316:            315
Read  data at iteration        316:            315
Write data at iteration        317:            316
Read  data at iteration        317:            316
Write data at iteration        318:            317
Read  data at iteration        318:            317
Write data at iteration        319:            318
Read  data at iteration        319:            318
Write data at iteration        320:            319
Read  data at iteration        320:            319
Write data at iteration        321:            320
Read  data at iteration        321:            320
Write data at iteration        322:            321
Read  data at iteration        322:            321
Write data at iteration        323:            322
Read  data at iteration        323:            322
Write data at iteration        324:            323
Read  data at iteration        324:            323
Write data at iteration        325:            324
Read  data at iteration        325:            324
Write data at iteration        326:            325
Read  data at iteration        326:            325
Write data at iteration        327:            326
Read  data at iteration        327:            326
======================Result=========================
succeed
======================End============================
$finish called at time : 52950 ns : File "/home/ubuntu/Desktop/Caravel_FSIC_Tapeout/fifo_v1/tb.v" Line 180
exit
INFO: [Common 17-206] Exiting xsim at Sun Aug 11 16:43:40 2024...
